<?xml version="1.0" encoding="UTF-8"?>
<!-- Generated by org.testng.reporters.JUnitXMLReporter -->
<testsuite hostname="LAPTOP-EG3C4IFC" ignored="0" name="Test" tests="9" failures="1" timestamp="2020-07-29T14:45:49 EDT" time="65.41" errors="0">
  <testcase name="@BeforeMethod setUp" time="21.747" classname="com.hubspot.generic.qa.testPages.ContactPagetest">
    <failure type="org.openqa.selenium.ElementClickInterceptedException" message="element click intercepted: Element &amp;lt;a href=&amp;quot;?isDestination=false&amp;quot; id=&amp;quot;nav-primary-contacts-branch&amp;quot; data-tracking=&amp;quot;click hover&amp;quot; role=&amp;quot;menuitem&amp;quot; aria-haspopup=&amp;quot;true&amp;quot; aria-expanded=&amp;quot;false&amp;quot; class=&amp;quot;primary-link&amp;quot;&amp;gt;...&amp;lt;/a&amp;gt; is not clickable at point (44, 27). Other element would receive the click: &amp;lt;svg id=&amp;quot;hs-nav-v4--logo&amp;quot; viewBox=&amp;quot;0 0 242.04 257&amp;quot; alt=&amp;quot;Home&amp;quot; class=&amp;quot;nav-logo logo&amp;quot;&amp;gt;...&amp;lt;/svg&amp;gt;
  (Session info: chrome=83.0.4103.61)
Build info: version: &amp;apos;3.141.59&amp;apos;, revision: &amp;apos;e82be7d358&amp;apos;, time: &amp;apos;2018-11-14T08:17:03&amp;apos;
System info: host: &amp;apos;LAPTOP-EG3C4IFC&amp;apos;, ip: &amp;apos;192.168.1.5&amp;apos;, os.name: &amp;apos;Windows 10&amp;apos;, os.arch: &amp;apos;amd64&amp;apos;, os.version: &amp;apos;10.0&amp;apos;, java.version: &amp;apos;1.8.0_251&amp;apos;
Driver info: org.openqa.selenium.chrome.ChromeDriver
Capabilities {acceptInsecureCerts: false, browserName: chrome, browserVersion: 83.0.4103.61, chrome: {chromedriverVersion: 83.0.4103.39 (ccbf011cb2d2b..., userDataDir: C:\WINDOWS\TEMP\scoped_dir2...}, goog:chromeOptions: {debuggerAddress: localhost:57835}, javascriptEnabled: true, networkConnectionEnabled: false, pageLoadStrategy: normal, platform: WINDOWS, platformName: WINDOWS, proxy: Proxy(), setWindowRect: true, strictFileInteractability: false, timeouts: {implicit: 0, pageLoad: 300000, script: 30000}, unhandledPromptBehavior: dismiss and notify, webauthn:virtualAuthenticators: true}
Session ID: 2bfbd6e2f1bf182306ed4ac8fa2b5161">
      <![CDATA[org.openqa.selenium.ElementClickInterceptedException: element click intercepted: Element <a href="?isDestination=false" id="nav-primary-contacts-branch" data-tracking="click hover" role="menuitem" aria-haspopup="true" aria-expanded="false" class="primary-link">...</a> is not clickable at point (44, 27). Other element would receive the click: <svg id="hs-nav-v4--logo" viewBox="0 0 242.04 257" alt="Home" class="nav-logo logo">...</svg>
  (Session info: chrome=83.0.4103.61)
Build info: version: '3.141.59', revision: 'e82be7d358', time: '2018-11-14T08:17:03'
System info: host: 'LAPTOP-EG3C4IFC', ip: '192.168.1.5', os.name: 'Windows 10', os.arch: 'amd64', os.version: '10.0', java.version: '1.8.0_251'
Driver info: org.openqa.selenium.chrome.ChromeDriver
Capabilities {acceptInsecureCerts: false, browserName: chrome, browserVersion: 83.0.4103.61, chrome: {chromedriverVersion: 83.0.4103.39 (ccbf011cb2d2b..., userDataDir: C:\WINDOWS\TEMP\scoped_dir2...}, goog:chromeOptions: {debuggerAddress: localhost:57835}, javascriptEnabled: true, networkConnectionEnabled: false, pageLoadStrategy: normal, platform: WINDOWS, platformName: WINDOWS, proxy: Proxy(), setWindowRect: true, strictFileInteractability: false, timeouts: {implicit: 0, pageLoad: 300000, script: 30000}, unhandledPromptBehavior: dismiss and notify, webauthn:virtualAuthenticators: true}
Session ID: 2bfbd6e2f1bf182306ed4ac8fa2b5161
at org.openqa.selenium.remote.http.W3CHttpResponseCodec.createException(W3CHttpResponseCodec.java:187)
at org.openqa.selenium.remote.http.W3CHttpResponseCodec.decode(W3CHttpResponseCodec.java:122)
at org.openqa.selenium.remote.http.W3CHttpResponseCodec.decode(W3CHttpResponseCodec.java:49)
at org.openqa.selenium.remote.HttpCommandExecutor.execute(HttpCommandExecutor.java:158)
at org.openqa.selenium.remote.service.DriverCommandExecutor.execute(DriverCommandExecutor.java:83)
at org.openqa.selenium.remote.RemoteWebDriver.execute(RemoteWebDriver.java:552)
at org.openqa.selenium.remote.RemoteWebElement.execute(RemoteWebElement.java:285)
at org.openqa.selenium.remote.RemoteWebElement.click(RemoteWebElement.java:84)
at org.openqa.selenium.support.events.EventFiringWebDriver$EventFiringWebElement.lambda$new$0(EventFiringWebDriver.java:404)
at com.sun.proxy.$Proxy7.click(Unknown Source)
at org.openqa.selenium.support.events.EventFiringWebDriver$EventFiringWebElement.click(EventFiringWebDriver.java:417)
at com.hubspot.generic.qa.Utilities.ElementUtil.doClick(ElementUtil.java:51)
at com.hubspot.generic.qa.Pages.HomePage.doclickContacts(HomePage.java:27)
at com.hubspot.generic.qa.testPages.ContactPagetest.setUp(ContactPagetest.java:39)
at java.util.ArrayList.forEach(ArrayList.java:1257)
... Removed 42 stack frames]]>
    </failure>
  </testcase> <!-- @BeforeMethod setUp -->
  <testcase name="@AfterMethod tearDown" time="-1.596048349498E9" classname="com.hubspot.generic.qa.testPages.ContactPagetest">
    <skipped/>
  </testcase> <!-- @AfterMethod tearDown -->
  <testcase name="@BeforeMethod setUp" time="-1.596048349949E9" classname="com.hubspot.generic.qa.testPages.ContactPagetest">
    <skipped/>
  </testcase> <!-- @BeforeMethod setUp -->
  <testcase name="@AfterMethod tearDown" time="-1.596048349949E9" classname="com.hubspot.generic.qa.testPages.ContactPagetest">
    <skipped/>
  </testcase> <!-- @AfterMethod tearDown -->
  <testcase name="@BeforeMethod setUp" time="-1.596048349949E9" classname="com.hubspot.generic.qa.testPages.ContactPagetest">
    <skipped/>
  </testcase> <!-- @BeforeMethod setUp -->
  <testcase name="@AfterMethod tearDown" time="-1.596048349949E9" classname="com.hubspot.generic.qa.testPages.ContactPagetest">
    <skipped/>
  </testcase> <!-- @AfterMethod tearDown -->
  <testcase name="@BeforeMethod setUp" time="-1.59604834995E9" classname="com.hubspot.generic.qa.testPages.ContactPagetest">
    <skipped/>
  </testcase> <!-- @BeforeMethod setUp -->
  <testcase name="@AfterMethod tearDown" time="-1.59604834995E9" classname="com.hubspot.generic.qa.testPages.ContactPagetest">
    <skipped/>
  </testcase> <!-- @AfterMethod tearDown -->
  <testcase name="@BeforeMethod setUp" time="-1.59604834995E9" classname="com.hubspot.generic.qa.testPages.ContactPagetest">
    <skipped/>
  </testcase> <!-- @BeforeMethod setUp -->
  <testcase name="@AfterMethod tearDown" time="-1.596048349951E9" classname="com.hubspot.generic.qa.testPages.ContactPagetest">
    <skipped/>
  </testcase> <!-- @AfterMethod tearDown -->
  <testcase name="@BeforeMethod setUp" time="-1.596048349951E9" classname="com.hubspot.generic.qa.testPages.ContactPagetest">
    <skipped/>
  </testcase> <!-- @BeforeMethod setUp -->
  <testcase name="@AfterMethod tearDown" time="-1.596048349951E9" classname="com.hubspot.generic.qa.testPages.ContactPagetest">
    <skipped/>
  </testcase> <!-- @AfterMethod tearDown -->
  <testcase name="@BeforeMethod setUp" time="-1.596048349952E9" classname="com.hubspot.generic.qa.testPages.ContactPagetest">
    <skipped/>
  </testcase> <!-- @BeforeMethod setUp -->
  <testcase name="@AfterMethod tearDown" time="-1.596048349952E9" classname="com.hubspot.generic.qa.testPages.ContactPagetest">
    <skipped/>
  </testcase> <!-- @AfterMethod tearDown -->
  <testcase name="verifyContacttabisClicked" time="11.93" classname="com.hubspot.generic.qa.testPages.HomePagetest">
    <failure type="org.openqa.selenium.ElementNotInteractableException" message="element not interactable
  (Session info: chrome=83.0.4103.61)
Build info: version: &amp;apos;3.141.59&amp;apos;, revision: &amp;apos;e82be7d358&amp;apos;, time: &amp;apos;2018-11-14T08:17:03&amp;apos;
System info: host: &amp;apos;LAPTOP-EG3C4IFC&amp;apos;, ip: &amp;apos;192.168.1.5&amp;apos;, os.name: &amp;apos;Windows 10&amp;apos;, os.arch: &amp;apos;amd64&amp;apos;, os.version: &amp;apos;10.0&amp;apos;, java.version: &amp;apos;1.8.0_251&amp;apos;
Driver info: org.openqa.selenium.chrome.ChromeDriver
Capabilities {acceptInsecureCerts: false, browserName: chrome, browserVersion: 83.0.4103.61, chrome: {chromedriverVersion: 83.0.4103.39 (ccbf011cb2d2b..., userDataDir: C:\WINDOWS\TEMP\scoped_dir1...}, goog:chromeOptions: {debuggerAddress: localhost:57735}, javascriptEnabled: true, networkConnectionEnabled: false, pageLoadStrategy: normal, platform: WINDOWS, platformName: WINDOWS, proxy: Proxy(), setWindowRect: true, strictFileInteractability: false, timeouts: {implicit: 0, pageLoad: 300000, script: 30000}, unhandledPromptBehavior: dismiss and notify, webauthn:virtualAuthenticators: true}
Session ID: 16e21aca0c30d1eca4a15cd667f7a0a3">
      <![CDATA[org.openqa.selenium.ElementNotInteractableException: element not interactable
  (Session info: chrome=83.0.4103.61)
Build info: version: '3.141.59', revision: 'e82be7d358', time: '2018-11-14T08:17:03'
System info: host: 'LAPTOP-EG3C4IFC', ip: '192.168.1.5', os.name: 'Windows 10', os.arch: 'amd64', os.version: '10.0', java.version: '1.8.0_251'
Driver info: org.openqa.selenium.chrome.ChromeDriver
Capabilities {acceptInsecureCerts: false, browserName: chrome, browserVersion: 83.0.4103.61, chrome: {chromedriverVersion: 83.0.4103.39 (ccbf011cb2d2b..., userDataDir: C:\WINDOWS\TEMP\scoped_dir1...}, goog:chromeOptions: {debuggerAddress: localhost:57735}, javascriptEnabled: true, networkConnectionEnabled: false, pageLoadStrategy: normal, platform: WINDOWS, platformName: WINDOWS, proxy: Proxy(), setWindowRect: true, strictFileInteractability: false, timeouts: {implicit: 0, pageLoad: 300000, script: 30000}, unhandledPromptBehavior: dismiss and notify, webauthn:virtualAuthenticators: true}
Session ID: 16e21aca0c30d1eca4a15cd667f7a0a3
at org.openqa.selenium.remote.http.W3CHttpResponseCodec.createException(W3CHttpResponseCodec.java:187)
at org.openqa.selenium.remote.http.W3CHttpResponseCodec.decode(W3CHttpResponseCodec.java:122)
at org.openqa.selenium.remote.http.W3CHttpResponseCodec.decode(W3CHttpResponseCodec.java:49)
at org.openqa.selenium.remote.HttpCommandExecutor.execute(HttpCommandExecutor.java:158)
at org.openqa.selenium.remote.service.DriverCommandExecutor.execute(DriverCommandExecutor.java:83)
at org.openqa.selenium.remote.RemoteWebDriver.execute(RemoteWebDriver.java:552)
at org.openqa.selenium.remote.RemoteWebElement.execute(RemoteWebElement.java:285)
at org.openqa.selenium.remote.RemoteWebElement.click(RemoteWebElement.java:84)
at org.openqa.selenium.support.events.EventFiringWebDriver$EventFiringWebElement.lambda$new$0(EventFiringWebDriver.java:404)
at com.sun.proxy.$Proxy7.click(Unknown Source)
at org.openqa.selenium.support.events.EventFiringWebDriver$EventFiringWebElement.click(EventFiringWebDriver.java:417)
at com.hubspot.generic.qa.Utilities.ElementUtil.doClick(ElementUtil.java:51)
at com.hubspot.generic.qa.Pages.HomePage.doclickContacts(HomePage.java:27)
at com.hubspot.generic.qa.testPages.HomePagetest.verifyContacttabisClicked(HomePagetest.java:37)
at java.util.ArrayList.forEach(ArrayList.java:1257)
... Removed 38 stack frames]]>
    </failure>
  </testcase> <!-- verifyContacttabisClicked -->
  <testcase name="verifyusercanLogin" time="5.251" classname="com.hubspot.generic.qa.testPages.logintest"/>
  <testcase name="verifyTheContactsPagetitle" time="0.0" classname="com.hubspot.generic.qa.testPages.ContactPagetest">
    <skipped/>
  </testcase> <!-- verifyTheContactsPagetitle -->
  <testcase name="validateusercanCreateNewContacts" time="0.0" classname="com.hubspot.generic.qa.testPages.ContactPagetest">
    <skipped/>
  </testcase> <!-- validateusercanCreateNewContacts -->
  <testcase name="validateusercanCreateNewContacts" time="0.0" classname="com.hubspot.generic.qa.testPages.ContactPagetest">
    <skipped/>
  </testcase> <!-- validateusercanCreateNewContacts -->
  <testcase name="validateusercanCreateNewContacts" time="0.0" classname="com.hubspot.generic.qa.testPages.ContactPagetest">
    <skipped/>
  </testcase> <!-- validateusercanCreateNewContacts -->
  <testcase name="validateusercanCreateNewContacts" time="0.0" classname="com.hubspot.generic.qa.testPages.ContactPagetest">
    <skipped/>
  </testcase> <!-- validateusercanCreateNewContacts -->
  <testcase name="validateusercanCreateNewContacts" time="0.0" classname="com.hubspot.generic.qa.testPages.ContactPagetest">
    <skipped/>
  </testcase> <!-- validateusercanCreateNewContacts -->
  <testcase name="deleteContacts" time="0.0" classname="com.hubspot.generic.qa.testPages.ContactPagetest">
    <skipped/>
  </testcase> <!-- deleteContacts -->
</testsuite> <!-- Test -->
